"../../../../Projects/Inventory/Content/Inventory/E_ItemActions.uasset" 0
"../../../../Projects/Inventory/Content/Inventory/E_ItemCategory.uasset" 1
"../../../../Projects/Inventory/Content/Inventory/ST_Item.uasset" 2
"../../../Engine/Content/EditorBlueprintResources/StandardMacros.uasset" 3
"../../../../Projects/Inventory/Content/Unnecessary/Icons/Kenney/glassPanel.uasset" 4
"../../../../Projects/Inventory/Content/Inventory/ST_InventorySettings.uasset" 5
"../../../../Projects/Inventory/Content/Unnecessary/Icons/Kenney/button_rectangleRed.uasset" 6
"../../../../Projects/Inventory/Content/Unnecessary/Icons/Kenney/panel_boltsDetail.uasset" 7
"../../../../Projects/Inventory/Content/Unnecessary/Icons/Kenney/panel_metal.uasset" 8
"../../../../Projects/Inventory/Content/Unnecessary/Icons/Kenney/panel_metalGreen.uasset" 9
"../../../../Projects/Inventory/Content/Unnecessary/Icons/Kenney/panel_wood.uasset" 10
"../../../../Projects/Inventory/Content/Unnecessary/Icons/Kenney/panel_woodArrows.uasset" 11
"../../../../Projects/Inventory/Content/Unnecessary/Icons/Kenney/panel_woodPaperWear.uasset" 12
"../../../../Projects/Inventory/Content/Unnecessary/Icons/Kenney/panel_woodWear.uasset" 13
"../../../../Projects/Inventory/Content/Inventory/DT_Inventories.uasset" 14
"../../../../Projects/Inventory/Content/Unnecessary/Icons/Kenney/button_rectangleWood.uasset" 15
"../../../../Projects/Inventory/Content/Inventory/FL_Inventory.uasset" 16
"../../../../Projects/Inventory/Content/Inventory/UI/W_RButton.uasset" 17
"../../../../Projects/Inventory/Content/Inventory/UI/W_Inventory.uasset" 18
"../../../../Projects/Inventory/Content/Inventory/AC_Inventory.uasset" 19
"../../../../Projects/Inventory/Content/Inventory/BPI_InventoryUser.uasset" 20
"../../../../Projects/Inventory/Content/Inventory/UI/W_ContextMenu.uasset" 21
"../../../../Projects/Inventory/Content/Inventory/UI/W_Item.uasset" 22
"../../../../Projects/Inventory/Content/Inventory/BPI_Item.uasset" 23
"../../../../Projects/Inventory/Content/Inventory/E_ItemProperty.uasset" 24
"../../../../Projects/Inventory/Content/Unnecessary/Icons/Kenney/button_rectangleMetal.uasset" 25
"../../../../Projects/Inventory/Content/Unnecessary/Icons/Kenney/panel_blueprintPaperWear.uasset" 26
"../../../../Projects/Inventory/Content/Unnecessary/Icons/Kenney/panel_blueprintWear.uasset" 27
"../../../../Projects/Inventory/Content/Unnecessary/Icons/Kenney/panel_boltsBlue.uasset" 28
"../../../../Projects/Inventory/Content/Unnecessary/Icons/Kenney/panel_boltsDetailSquare.uasset" 29
"../../../../Projects/Inventory/Content/Unnecessary/Icons/Kenney/panel_boltsDetailSquare_blank.uasset" 30
"../../../../Projects/Inventory/Content/Unnecessary/Icons/Kenney/panel_boltsGreen.uasset" 31
"../../../../Projects/Inventory/Content/Unnecessary/Icons/Kenney/panel_boltsRed.uasset" 32
"../../../../Projects/Inventory/Content/Unnecessary/Icons/Kenney/panel_metalBlank.uasset" 33
"../../../../Projects/Inventory/Content/Unnecessary/Icons/Kenney/panel_metalBlue.uasset" 34
"../../../../Projects/Inventory/Content/Unnecessary/Icons/Kenney/panel_metalBolts.uasset" 35
"../../../../Projects/Inventory/Content/Unnecessary/Icons/Kenney/panel_metalBoltsDark.uasset" 36
"../../../../Projects/Inventory/Content/Unnecessary/Icons/Kenney/panel_metalDark.uasset" 37
"../../../../Projects/Inventory/Content/Unnecessary/Icons/Kenney/panel_metalRed.uasset" 38
"../../../../Projects/Inventory/Content/Unnecessary/Icons/Kenney/panel_woodDetail.uasset" 39
"../../../../Projects/Inventory/Content/Unnecessary/Icons/Kenney/panel_woodDetailArrows.uasset" 40
"../../../../Projects/Inventory/Content/Unnecessary/Icons/Kenney/panel_woodDetailSquare.uasset" 41
"../../../../Projects/Inventory/Content/Unnecessary/Icons/Kenney/panel_woodDetail_blank.uasset" 42
"../../../../Projects/Inventory/Content/Unnecessary/Icons/Kenney/panel_woodPaper.uasset" 43
"../../../../Projects/Inventory/Content/Unnecessary/Icons/Kenney/panel_woodPaperArrows.uasset" 44
"../../../../Projects/Inventory/Content/Unnecessary/Icons/Kenney/panel_woodPaperDetail.uasset" 45
"../../../../Projects/Inventory/Content/Unnecessary/Icons/Kenney/panel_woodPaperDetailArrows.uasset" 46
"../../../../Projects/Inventory/Content/Unnecessary/Icons/Kenney/panel_woodPaperDetailSquare.uasset" 47
"../../../../Projects/Inventory/Content/Unnecessary/Icons/Kenney/panel_woodWear_blank.uasset" 48
"../../../../Projects/Inventory/Content/Unnecessary/Icons/Kenney/scrollbar_metal.uasset" 49
"../../../../Projects/Inventory/Content/Unnecessary/Icons/Kenney/scrollbar_metalRed.uasset" 50
"../../../../Projects/Inventory/Content/Unnecessary/Icons/Kenney/scrollbar_stone.uasset" 51
"../../../../Projects/Inventory/Content/Unnecessary/Icons/Kenney/scrollbar_wood.uasset" 52
"../../../../Projects/Inventory/Content/Unnecessary/Icons/Ravenmore_dycha_net/axe2.uasset" 53
"../../../../Projects/Inventory/Content/Unnecessary/Icons/Ravenmore_dycha_net/axeDouble.uasset" 54
"../../../../Projects/Inventory/Content/Unnecessary/Icons/Ravenmore_dycha_net/axeDouble2.uasset" 55
"../../../../Projects/Inventory/Content/Unnecessary/Icons/Ravenmore_dycha_net/backpack.uasset" 56
"../../../../Projects/Inventory/Content/Unnecessary/Icons/Ravenmore_dycha_net/envelope.uasset" 57
"../../../../Projects/Inventory/Content/Unnecessary/Icons/Ravenmore_dycha_net/gemBlue.uasset" 58
"../../../../Projects/Inventory/Content/Unnecessary/Icons/Ravenmore_dycha_net/gemGreen.uasset" 59
"../../../../Projects/Inventory/Content/Unnecessary/Icons/Ravenmore_dycha_net/gemRed.uasset" 60
"../../../../Projects/Inventory/Content/Unnecessary/Icons/Ravenmore_dycha_net/hammer.uasset" 61
"../../../../Projects/Inventory/Content/Unnecessary/Icons/Ravenmore_dycha_net/heart.uasset" 62
"../../../../Projects/Inventory/Content/Unnecessary/Icons/Ravenmore_dycha_net/scroll.uasset" 63
"../../../../Projects/Inventory/Content/Unnecessary/Icons/Ravenmore_dycha_net/shield.uasset" 64
"../../../../Projects/Inventory/Content/Unnecessary/Icons/Ravenmore_dycha_net/shieldSmall.uasset" 65
"../../../../Projects/Inventory/Content/Unnecessary/Icons/Ravenmore_dycha_net/sword.uasset" 66
"../../../../Projects/Inventory/Content/Unnecessary/Icons/Ravenmore_dycha_net/swordWood.uasset" 67
"../../../../Projects/Inventory/Content/Unnecessary/Icons/Ravenmore_dycha_net/tome.uasset" 68
"../../../../Projects/Inventory/Content/Unnecessary/Icons/Ravenmore_dycha_net/tools.uasset" 69
"../../../../Projects/Inventory/Content/Unnecessary/Icons/Ravenmore_dycha_net/upg_armor.uasset" 70
"../../../../Projects/Inventory/Content/Unnecessary/Icons/Ravenmore_dycha_net/upg_axe.uasset" 71
"../../../../Projects/Inventory/Content/Unnecessary/Icons/Ravenmore_dycha_net/upg_axeDouble.uasset" 72
"../../../../Projects/Inventory/Content/Unnecessary/Icons/Ravenmore_dycha_net/upg_bow.uasset" 73
"../../../../Projects/Inventory/Content/Unnecessary/Icons/Ravenmore_dycha_net/upg_dagger.uasset" 74
"../../../../Projects/Inventory/Content/Unnecessary/Icons/Ravenmore_dycha_net/upg_hammer.uasset" 75
"../../../../Projects/Inventory/Content/Unnecessary/Icons/Ravenmore_dycha_net/upg_helmet.uasset" 76
"../../../../Projects/Inventory/Content/Unnecessary/Icons/Ravenmore_dycha_net/upg_shield.uasset" 77
"../../../../Projects/Inventory/Content/Unnecessary/Icons/Ravenmore_dycha_net/upg_shieldSmall.uasset" 78
"../../../../Projects/Inventory/Content/Unnecessary/Icons/Ravenmore_dycha_net/upg_spear.uasset" 79
"../../../../Projects/Inventory/Content/Unnecessary/Icons/Ravenmore_dycha_net/upg_sword.uasset" 80
"../../../../Projects/Inventory/Content/Unnecessary/Icons/Ravenmore_dycha_net/upg_wand.uasset" 81
"../../../../Projects/Inventory/Content/Unnecessary/Icons/Ravenmore_dycha_net/wand.uasset" 82
"../../../../Projects/Inventory/Content/Unnecessary/Icons/Ravenmore_dycha_net/x.uasset" 83
"../../../../Projects/Inventory/Content/Unnecessary/ThirdPersonGAme/Mannequin/Character/Mesh/UE4_Mannequin_Skeleton.uasset" 84
"../../../../Projects/Inventory/Content/Unnecessary/ThirdPersonGAme/Mannequin/Animations/ThirdPersonJump_End.uasset" 85
"../../../Engine/Content/Functions/Engine_MaterialFunctions01/Opacity/CameraDepthFade.uasset" 86
"../../../Engine/Content/EngineMaterials/T_Default_Material_Grid_M.uasset" 87
"../../../Engine/Content/EngineMaterials/T_Default_Material_Grid_N.uasset" 88
"../../../Engine/Content/EngineMaterials/WorldGridMaterial.uasset" 89
"../../../Engine/Content/ArtTools/RenderToTexture/Meshes/S_1_Unit_Plane.uasset" 90
"../../../Engine/Content/EngineMaterials/DefaultMaterial.uasset" 91
"../../../Engine/Content/BasicShapes/Cone.uasset" 92
"../../../Engine/Content/BasicShapes/Cube.uasset" 93
"../../../Engine/Content/BasicShapes/Cylinder.uasset" 94
"../../../Engine/Content/BasicShapes/Plane.uasset" 95
"../../../Engine/Content/BasicShapes/Sphere.uasset" 96
"../../../Engine/Content/EditorLandscapeResources/DataLayer.uasset" 97
"../../../Engine/Content/EditorMaterials/GizmoMaterial.uasset" 98
"../../../Engine/Content/EditorMaterials/MAT_Groups_Toggle.uasset" 99
"../../../Engine/Content/EditorMaterials/MAT_Groups_Visibility.uasset" 100
"../../../Engine/Content/EditorMaterials/PreviewShadowIndicator.uasset" 101
"../../../Engine/Content/EditorMaterials/PreviewShadowIndicatorMaterial.uasset" 102
"../../../Engine/Content/EditorMaterials/MatineeGroups/MAT_ColorTrack.uasset" 103
"../../../Engine/Content/EditorMaterials/MatineeGroups/MAT_Groups_Anim.uasset" 104
"../../../Engine/Content/EditorMaterials/MatineeGroups/MAT_Groups_AudioMaster.uasset" 105
"../../../Engine/Content/EditorMaterials/MatineeGroups/MAT_Groups_Director.uasset" 106
"../../../Engine/Content/EditorMaterials/MatineeGroups/MAT_Groups_Event.uasset" 107
"../../../Engine/Content/EditorMaterials/MatineeGroups/MAT_Groups_Fade.uasset" 108
"../../../Engine/Content/EditorMaterials/MatineeGroups/MAT_Groups_Float.uasset" 109
"../../../Engine/Content/EditorMaterials/MatineeGroups/MAT_Groups_Move.uasset" 110
"../../../Engine/Content/EditorMaterials/MatineeGroups/MAT_Groups_Slomo.uasset" 111
"../../../Engine/Content/EditorMaterials/MatineeGroups/MAT_Groups_Sound.uasset" 112
"../../../Engine/Content/EditorMaterials/MatineeGroups/MAT_Groups_Vector.uasset" 113
"../../../Engine/Content/EditorMaterials/ParticleSystems/PSysThumbnail_NoImage.uasset" 114
"../../../Engine/Content/EditorMaterials/ParticleSystems/PSysThumbnail_OOD.uasset" 115
"../../../Engine/Content/EditorMaterials/Camera/CineMat.uasset" 116
"../../../Engine/Content/EditorMaterials/Camera/MI_CineMat_Rig.uasset" 117
"../../../Engine/Content/EditorMeshes/Camera/SM_CraneRig_Arm.uasset" 118
"../../../Engine/Content/EditorMeshes/Camera/SM_CraneRig_Base.uasset" 119
"../../../Engine/Content/EditorMeshes/Camera/SM_CraneRig_Body.uasset" 120
"../../../Engine/Content/EditorMeshes/Camera/SM_CraneRig_Mount.uasset" 121
"../../../Engine/Content/EditorMeshes/Camera/SM_RailRig_Mount.uasset" 122
"../../../Engine/Content/EditorMeshes/Camera/SM_RailRig_Track.uasset" 123
"../../../Engine/Content/EditorResources/BSPVertex.uasset" 124
"../../../Engine/Content/EditorResources/EmptyActor.uasset" 125
"../../../Engine/Content/EditorResources/S_Actor.uasset" 126
"../../../Engine/Content/EditorResources/S_Trigger.uasset" 127
"../../../Engine/Content/EditorResources/LightIcons/S_LightError.uasset" 128
"../../../Engine/Content/EditorResources/SequenceRecorder/Countdown.uasset" 129
"../../../Engine/Content/EditorResources/SequenceRecorder/RecordingIndicator.uasset" 130
"../../../Engine/Content/EditorSounds/Notifications/CompileFailed.uasset" 131
"../../../Engine/Content/EditorSounds/Notifications/CompileFailed_Cue.uasset" 132
"../../../Engine/Content/EditorSounds/Notifications/CompileSuccess.uasset" 133
"../../../Engine/Content/EditorSounds/Notifications/CompileStart_Cue.uasset" 134
"../../../Engine/Content/EditorSounds/Notifications/CompileSuccess_Cue.uasset" 135
"../../../Engine/Content/EngineDamageTypes/DmgTypeBP_Environmental.uasset" 136
"../../../Engine/Content/EngineDebugMaterials/HeatmapGradient.uasset" 137
"../../../Engine/Content/EngineDebugMaterials/BoneWeightMaterial.uasset" 138
"../../../Engine/Content/EngineDebugMaterials/ClothMaterial.uasset" 139
"../../../Engine/Content/EngineDebugMaterials/ClothMaterial_WF.uasset" 140
"../../../Engine/Content/EngineDebugMaterials/DebugEditorMaterial.uasset" 141
"../../../Engine/Content/EngineDebugMaterials/DebugMeshMaterial.uasset" 142
"../../../Engine/Content/EngineDebugMaterials/GeomMaterial.uasset" 143
"../../../Engine/Content/EngineDebugMaterials/M_SimpleTranslucent.uasset" 144
"../../../Engine/Content/EngineFonts/Faces/RobotoBold.uasset" 145
"../../../Engine/Content/EngineFonts/Faces/RobotoBoldItalic.uasset" 146
"../../../Engine/Content/EngineFonts/Faces/RobotoItalic.uasset" 147
"../../../Engine/Content/EngineFonts/Faces/RobotoLight.uasset" 148
"../../../Engine/Content/EngineFonts/Faces/RobotoRegular.uasset" 149
"../../../Engine/Content/EngineFonts/Roboto.uasset" 150
"../../../Engine/Content/EngineFonts/Faces/RobotoTiny.uasset" 151
"../../../Engine/Content/EngineFonts/RobotoTiny.uasset" 152
"../../../Engine/Content/EngineMaterials/BaseFlattenDiffuseMap.uasset" 153
"../../../Engine/Content/EngineMaterials/BaseFlattenEmissiveMap.uasset" 154
"../../../Engine/Content/EngineMaterials/BaseFlattenGrayscaleMap.uasset" 155
"../../../Engine/Content/EngineMaterials/BaseFlattenNormalMap.uasset" 156
"../../../Engine/Content/EngineMaterials/BaseFlattenMaterial.uasset" 157
"../../../Engine/Content/EngineMaterials/DefaultBloomKernel.uasset" 158
"../../../Engine/Content/EngineMaterials/DefaultBokeh.uasset" 159
"../../../Engine/Content/EngineMaterials/DefaultDiffuse.uasset" 160
"../../../Engine/Content/EngineMaterials/DefaultDeferredDecalMaterial.uasset" 161
"../../../Engine/Content/EngineMaterials/DefaultLightFunctionMaterial.uasset" 162
"../../../Engine/Content/EngineMaterials/DefaultPhysicalMaterial.uasset" 163
"../../../Engine/Content/Functions/Engine_MaterialFunctions02/Utility/BreakOutFloat2Components.uasset" 164
"../../../Engine/Content/EngineMaterials/DefaultPostProcessMaterial.uasset" 165
"../../../Engine/Content/EngineFonts/RobotoDistanceField.uasset" 166
"../../../Engine/Content/EngineMaterials/DefaultTextMaterialOpaque.uasset" 167
"../../../Engine/Content/EngineMaterials/DefaultWhiteGrid.uasset" 168
"../../../Engine/Content/EngineMaterials/EditorBrushMaterial.uasset" 169
"../../../Engine/Content/EngineMaterials/Good64x64TilingNoiseHighFreq.uasset" 170
"../../../Engine/Content/EngineMaterials/MiniFont.uasset" 171
"../../../Engine/Content/EngineMaterials/InvalidLightmapSettings.uasset" 172
"../../../Engine/Content/EngineMaterials/M_InvalidLightmapSettings.uasset" 173
"../../../Engine/Content/Functions/Engine_MaterialFunctions02/WorldPositionOffset/CameraOffset.uasset" 174
"../../../Engine/Content/EngineMaterials/PhAT_JointLimitMaterial.uasset" 175
"../../../Engine/Content/EngineMaterials/PreintegratedSkinBRDF.uasset" 176
"../../../Engine/Content/EngineMaterials/RemoveSurfaceMaterial.uasset" 177
"../../../Engine/Content/EngineMaterials/WeightMapPlaceholderTexture.uasset" 178
"../../../Engine/Content/EngineResources/WhiteSquareTexture.uasset" 179
"../../../Engine/Content/EngineMaterials/Widget3DPassThrough.uasset" 180
"../../../Engine/Content/EngineMaterials/Widget3DPassThrough_Masked.uasset" 181
"../../../Engine/Content/EngineMaterials/Widget3DPassThrough_Opaque.uasset" 182
"../../../Engine/Content/EngineMaterials/Widget3DPassThrough_Masked_OneSided.uasset" 183
"../../../Engine/Content/EngineMaterials/Widget3DPassThrough_Opaque_OneSided.uasset" 184
"../../../Engine/Content/EngineMaterials/Widget3DPassThrough_Translucent.uasset" 185
"../../../Engine/Content/EngineMaterials/Widget3DPassThrough_Translucent_OneSided.uasset" 186
"../../../Engine/Content/EngineMeshes/Cylinder.uasset" 187
"../../../Engine/Content/EngineMeshes/Sphere.uasset" 188
"../../../Engine/Content/EngineResources/Black.uasset" 189
"../../../Engine/Content/EngineResources/DefaultTexture.uasset" 190
"../../../Engine/Content/EngineResources/DefaultTextureCube.uasset" 191
"../../../Engine/Content/EngineResources/DefaultVolumeTexture2D.uasset" 192
"../../../Engine/Content/EngineResources/DefaultVolumeTexture.uasset" 193
"../../../Engine/Content/EngineResources/GradientTexture0.uasset" 194
"../../../Engine/Content/EngineSounds/Master.uasset" 195
"../../../Engine/Content/Functions/Engine_MaterialFunctions01/Shading/ConvertFromDiffSpec.uasset" 196
"../../../Engine/Content/Functions/Engine_MaterialFunctions01/Shading/PowerToRoughness.uasset" 197
"../../../Engine/Content/Maps/Templates/Thumbnails/Default.uasset" 198
"../../../Engine/Content/Maps/Templates/Thumbnails/VR-Basic.uasset" 199
"../../../Engine/Content/MobileResources/T_MobileControls_texture.uasset" 200
"../../../Engine/Content/MobileResources/T_MobileMenu2.uasset" 201
"../../../Engine/Content/MobileResources/HUD/AnalogHat.uasset" 202
"../../../Engine/Content/MobileResources/HUD/VirtualJoystick_Background.uasset" 203
"../../../Engine/Content/MobileResources/HUD/VirtualJoystick_Thumb.uasset" 204
"../../../Engine/Content/MobileResources/HUD/DefaultVirtualJoysticks.uasset" 205
"../../../Engine/Content/MobileResources/HUD/LeftVirtualJoystickOnly.uasset" 206
"../../../Engine/Content/MobileResources/HUD/MobileHUDButton1_off.uasset" 207
"../../../Engine/Content/MobileResources/HUD/MobileHUDButton1_on.uasset" 208
"../../../Engine/Content/MobileResources/HUD/MobileHUDButton2_off.uasset" 209
"../../../Engine/Content/MobileResources/HUD/MobileHUDButton2_on.uasset" 210
"../../../Engine/Content/MobileResources/HUD/MobileHUDButton3.uasset" 211
"../../../Engine/Content/MobileResources/HUD/MobileHUDButtonFire.uasset" 212
"../../../Engine/Content/MobileResources/HUD/MobileHUDDirectionPad.uasset" 213
"../../../Engine/Content/MobileResources/HUD/MobileHUDDirectionPad2.uasset" 214
"../../../Engine/Content/MobileResources/HUD/MobileHUDDirectionPad3.uasset" 215
"../../../Engine/Content/MobileResources/HUD/MobileHUDDirectionStick.uasset" 216
"../../../Engine/Content/MobileResources/HUD/T_Castle_ThumbstickInner.uasset" 217
"../../../Engine/Content/MobileResources/HUD/T_Castle_ThumbstickOutter.uasset" 218
"../../../Engine/Content/Tutorial/ContentIntroCurve.uasset" 219
"../../../Engine/Content/VREditor/LaserPointer/VR_LaserPower_01.uasset" 220
"../../../Engine/Content/VREditor/TransformGizmo/TransformGizmoMaterial.uasset" 221
"../../../Engine/Content/VREditor/TransformGizmo/TranslucentTransformGizmoMaterial.uasset" 222
"../../../Engine/Content/VREditor/TransformGizmo/BoundingBoxCorner.uasset" 223
"../../../Engine/Content/VREditor/TransformGizmo/BoundingBoxEdge.uasset" 224
"../../../Engine/Content/VREditor/TransformGizmo/PlaneTranslationHandle.uasset" 225
"../../../Engine/Content/VREditor/TransformGizmo/Main.uasset" 226
"../../../Engine/Content/VREditor/TransformGizmo/Xray.uasset" 227
"../../../Engine/Content/VREditor/TransformGizmo/SM_Sequencer_Key.uasset" 228
"../../../Engine/Content/VREditor/TransformGizmo/SM_Sequencer_Node.uasset" 229
"../../Plugins/2D/Paper2D/Content/PlaceholderTextures/DummySpriteTexture.uasset" 230
"../../Plugins/2D/Paper2D/Content/DummySprite.uasset" 231
"../../Plugins/2D/Paper2D/Content/DefaultPaperTerrainMaterial.uasset" 232
"../../Plugins/2D/Paper2D/Content/DefaultSpriteMaterial.uasset" 233
"../../Plugins/2D/Paper2D/Content/MaskedUnlitSpriteMaterial.uasset" 234
"../../Plugins/2D/Paper2D/Content/OpaqueUnlitSpriteMaterial.uasset" 235
"../../Plugins/Runtime/Oculus/OculusVR/Content/Materials/PokeAHoleMaterial.uasset" 236
"../../Plugins/Runtime/Oculus/OculusVR/Content/Textures/GearVRController_AO.uasset" 237
"../../Plugins/Runtime/Oculus/OculusVR/Content/Textures/GearVRController_Color.uasset" 238
"../../Plugins/Runtime/Oculus/OculusVR/Content/Textures/GearVRController_Normal.uasset" 239
"../../Plugins/Runtime/Oculus/OculusVR/Content/Materials/GearVRControllerMaterial.uasset" 240
"../../Plugins/Runtime/Oculus/OculusVR/Content/Meshes/GearVrController.uasset" 241
"../../Plugins/Runtime/Oculus/OculusVR/Content/Textures/touchController_albedo.uasset" 242
"../../Plugins/Runtime/Oculus/OculusVR/Content/Textures/touchController_controlmap.uasset" 243
"../../Plugins/Runtime/Oculus/OculusVR/Content/Materials/touchController_mat.uasset" 244
"../../Plugins/Runtime/Oculus/OculusVR/Content/Meshes/LeftTouchController.uasset" 245
"../../Plugins/Runtime/Oculus/OculusVR/Content/Meshes/RiftHMD.uasset" 246
"../../Plugins/Runtime/Oculus/OculusVR/Content/Meshes/RightTouchController.uasset" 247
"../../../Engine/Content/Functions/Engine_MaterialFunctions02/Utility/BlendAngleCorrectedNormals.uasset" 248
"../../../Engine/Content/Functions/MaterialLayerFunctions/MatLayerBlend_NormalBlend.uasset" 249
"../../../Engine/Content/Functions/MaterialLayerFunctions/MatLayerBlend_Simple.uasset" 250
"../../../../Projects/Inventory/Content/Unnecessary/ThirdPersonGAme/Mannequin/Character/Materials/MaterialLayers/T_ML_Rubber_Blue_01_D.uasset" 251
"../../../../Projects/Inventory/Content/Unnecessary/ThirdPersonGAme/Mannequin/Character/Materials/MaterialLayers/T_ML_Rubber_Blue_01_N.uasset" 252
"../../../../Projects/Inventory/Content/Unnecessary/ThirdPersonGAme/Mannequin/Character/Materials/MaterialLayers/ML_GlossyBlack_Latex_UE4.uasset" 253
"../../../../Projects/Inventory/Content/Unnecessary/ThirdPersonGAme/Mannequin/Character/Materials/MaterialLayers/ML_Plastic_Shiny_Beige.uasset" 254
"../../../../Projects/Inventory/Content/Unnecessary/ThirdPersonGAme/Mannequin/Character/Textures/UE4_LOGO_CARD.uasset" 255
"../../../../Projects/Inventory/Content/Unnecessary/ThirdPersonGAme/Mannequin/Character/Materials/MaterialLayers/ML_Plastic_Shiny_Beige_LOGO.uasset" 256
"../../../../Projects/Inventory/Content/Unnecessary/ThirdPersonGAme/Mannequin/Character/Materials/MaterialLayers/T_ML_Aluminum01.uasset" 257
"../../../../Projects/Inventory/Content/Unnecessary/ThirdPersonGAme/Mannequin/Character/Materials/MaterialLayers/T_ML_Aluminum01_N.uasset" 258
"../../../../Projects/Inventory/Content/Unnecessary/ThirdPersonGAme/Mannequin/Character/Materials/MaterialLayers/ML_SoftMetal_UE4.uasset" 259
"../../../../Projects/Inventory/Content/Unnecessary/ThirdPersonGAme/Mannequin/Character/Textures/UE4_Mannequin__normals.uasset" 260
"../../../../Projects/Inventory/Content/Unnecessary/ThirdPersonGAme/Mannequin/Character/Textures/UE4_Mannequin_MAT_MASKA.uasset" 261
"../../../../Projects/Inventory/Content/Unnecessary/ThirdPersonGAme/Mannequin/Character/Materials/M_UE4Man_Body.uasset" 262
"../../../../Projects/Inventory/Content/Unnecessary/ThirdPersonGAme/Meshes/CubeMaterial.uasset" 263
"../../../../Projects/Inventory/Content/Unnecessary/ThirdPersonGAme/Meshes/1M_Cube.uasset" 264
"../../../../Projects/Inventory/Content/Unnecessary/CubeMesh_Blueprint.uasset" 265
"../../../Engine/Content/EngineSky/C_Sky_Cloud_Color.uasset" 266
"../../../Engine/Content/EngineSky/C_Sky_Horizon_Color.uasset" 267
"../../../Engine/Content/EngineSky/C_Sky_Zenith_Color.uasset" 268
"../../../Engine/Content/EngineSky/T_Sky_Blue.uasset" 269
"../../../Engine/Content/EngineSky/T_Sky_Clouds_M.uasset" 270
"../../../Engine/Content/EngineSky/T_Sky_Stars.uasset" 271
"../../../Engine/Content/EngineSky/M_Sky_Panning_Clouds2.uasset" 272
"../../../Engine/Content/EngineSky/SM_SkySphere.uasset" 273
"../../../Engine/Content/EngineSky/BP_Sky_Sphere.uasset" 274
"../../../../Projects/Inventory/Content/Unnecessary/ThirdPersonGAme/Mannequin/Animations/ThirdPerson_Jump.uasset" 275
"../../../../Projects/Inventory/Content/Unnecessary/ThirdPersonGAme/Mannequin/Animations/ThirdPersonJump_Loop.uasset" 276
"../../../../Projects/Inventory/Content/Unnecessary/ThirdPersonGAme/Mannequin/Animations/ThirdPersonJump_Start.uasset" 277
"../../../../Projects/Inventory/Content/Unnecessary/ThirdPersonGAme/Mannequin/Animations/ThirdPersonIdle.uasset" 278
"../../../../Projects/Inventory/Content/Unnecessary/ThirdPersonGAme/Mannequin/Animations/ThirdPersonRun.uasset" 279
"../../../../Projects/Inventory/Content/Unnecessary/ThirdPersonGAme/Mannequin/Animations/ThirdPersonWalk.uasset" 280
"../../../../Projects/Inventory/Content/Unnecessary/ThirdPersonGAme/Mannequin/Animations/ThirdPerson_IdleRun_2D.uasset" 281
"../../../../Projects/Inventory/Content/Unnecessary/ThirdPersonGAme/Mannequin/Animations/ThirdPerson_AnimBP.uasset" 282
"../../../../Projects/Inventory/Content/Unnecessary/InventorySave.uasset" 283
"../../../../Projects/Inventory/Content/Unnecessary/Icons/Ravenmore_dycha_net/armor.uasset" 284
"../../../../Projects/Inventory/Content/Unnecessary/Icons/Ravenmore_dycha_net/axe.uasset" 285
"../../../../Projects/Inventory/Content/Unnecessary/Icons/Ravenmore_dycha_net/bow.uasset" 286
"../../../../Projects/Inventory/Content/Unnecessary/Icons/Ravenmore_dycha_net/coin.uasset" 287
"../../../../Projects/Inventory/Content/Unnecessary/Icons/Ravenmore_dycha_net/dagger.uasset" 288
"../../../../Projects/Inventory/Content/Unnecessary/Icons/Ravenmore_dycha_net/helmet.uasset" 289
"../../../../Projects/Inventory/Content/Unnecessary/Icons/Ravenmore_dycha_net/map.uasset" 290
"../../../../Projects/Inventory/Content/Unnecessary/Icons/Ravenmore_dycha_net/potionBlue.uasset" 291
"../../../../Projects/Inventory/Content/Unnecessary/Icons/Ravenmore_dycha_net/potionGreen.uasset" 292
"../../../../Projects/Inventory/Content/Unnecessary/Icons/Ravenmore_dycha_net/potionRed.uasset" 293
"../../../../Projects/Inventory/Content/Inventory/DT_Items.uasset" 294
"../../../../Projects/Inventory/Content/Unnecessary/ThirdPersonGAme/Mannequin/Character/Textures/UE4Man_Logo_N.uasset" 295
"../../../../Projects/Inventory/Content/Unnecessary/ThirdPersonGAme/Mannequin/Character/Materials/M_UE4Man_ChestLogo.uasset" 296
"../../../../Projects/Inventory/Content/Unnecessary/ThirdPersonGAme/Mannequin/Character/Mesh/SK_Mannequin_PhysicsAsset.uasset" 297
"../../../../Projects/Inventory/Content/Unnecessary/ThirdPersonGAme/Mannequin/Character/Mesh/SK_Mannequin.uasset" 298
"../../../../Projects/Inventory/Content/Unnecessary/ThirdPersonCharacter.uasset" 299
"../../../../Projects/Inventory/Content/Unnecessary/ThirdPersonGAme/ThirdPersonBP/Blueprints/ThirdPersonGameMode.uasset" 300
"../../../../Projects/Inventory/Content/Unnecessary/ThirdPersonGAme/ThirdPersonBP/Maps/ThirdPersonExampleMap_BuiltData.uasset" 301
"../../../../Projects/Inventory/Content/Unnecessary/ThirdPersonGAme/Meshes/1M_Cube_Chamfer.uasset" 302
"../../../../Projects/Inventory/Content/Unnecessary/ThirdPersonGAme/Meshes/TemplateFloor.uasset" 303
"../../../../Projects/Inventory/Content/Unnecessary/ThirdPersonGAme/ThirdPerson/Meshes/RampMaterial.uasset" 304
"../../../../Projects/Inventory/Content/Unnecessary/ThirdPersonGAme/ThirdPerson/Meshes/Bump_StaticMesh.uasset" 305
"../../../../Projects/Inventory/Content/Unnecessary/ThirdPersonGAme/ThirdPerson/Meshes/LeftArm_StaticMesh.uasset" 306
"../../../../Projects/Inventory/Content/Unnecessary/ThirdPersonGAme/ThirdPerson/Meshes/Linear_Stair_StaticMesh.uasset" 307
"../../../../Projects/Inventory/Content/Unnecessary/ThirdPersonGAme/ThirdPerson/Meshes/Ramp_StaticMesh.uasset" 308
"../../../../Projects/Inventory/Content/Unnecessary/ThirdPersonGAme/ThirdPerson/Meshes/RightArm_StaticMesh.uasset" 309
"../../../../Projects/Inventory/Content/Unnecessary/ThirdPersonGAme/ThirdPersonBP/Maps/ThirdPersonExampleMap.umap" 310
"../../../Engine/Content/Maps/Entry_BuiltData.uasset" 311
"../../../Engine/Content/Maps/Entry.umap" 312
